2018-06-15 18:31:47,851 INFO  [DefaultSoapUICore] initialized soapui-settings from [C:\Users\JYOTISUBHRAGHOSH\soapui-settings.xml]
2018-06-15 18:31:52,137 INFO  [Reflections] Reflections took 47 ms to scan 2 urls, producing 75 keys and 160 values 
2018-06-15 18:31:52,356 INFO  [Reflections] Reflections took 200 ms to scan 1 urls, producing 321 keys and 1510 values 
2018-06-15 18:31:52,503 INFO  [Reflections] Reflections took 16 ms to scan 1 urls, producing 11 keys and 17 values 
2018-06-15 18:31:52,588 INFO  [Reflections] Reflections took 0 ms to scan 1 urls, producing 13 keys and 21 values 
2018-06-15 18:31:53,290 INFO  [Reflections] Reflections took 116 ms to scan 13 urls, producing 341 keys and 1458 values 
2018-06-15 18:31:53,305 INFO  [PluginManager] Adding plugin from [C:\Users\JYOTISUBHRAGHOSH\.soapuios\plugins\ready-mqtt-plugin-dist.jar]
2018-06-15 18:31:53,305 INFO  [PluginManager] Adding plugin from [C:\Users\JYOTISUBHRAGHOSH\.soapuios\plugins\soapui-swagger-plugin-2.2-dist.jar]
2018-06-15 18:31:53,421 INFO  [Reflections] Reflections took 32 ms to scan 2 urls, producing 75 keys and 160 values 
2018-06-15 18:31:53,940 INFO  [Reflections] Reflections took 519 ms to scan 1 urls, producing 1600 keys and 6547 values 
2018-06-15 18:31:53,943 ERROR [SoapUI] An error occurred [com.eviware.soapui.plugins.auto.factories.AutoDiscoveryMethodFactory], see error log for details
2018-06-15 18:31:53,944 ERROR [errorlog] java.lang.ClassNotFoundException: com.eviware.soapui.plugins.auto.factories.AutoDiscoveryMethodFactory
java.lang.ClassNotFoundException: com.eviware.soapui.plugins.auto.factories.AutoDiscoveryMethodFactory
	at java.net.URLClassLoader.findClass(Unknown Source)
	at java.lang.ClassLoader.loadClass(Unknown Source)
	at sun.misc.Launcher$AppClassLoader.loadClass(Unknown Source)
	at java.lang.ClassLoader.loadClass(Unknown Source)
	at java.lang.Class.forName0(Native Method)
	at java.lang.Class.forName(Unknown Source)
	at com.eviware.soapui.plugins.LoaderBase.loadAutoFactories(LoaderBase.java:113)
	at com.eviware.soapui.plugins.LoaderBase.loadFactories(LoaderBase.java:80)
	at com.eviware.soapui.plugins.PluginLoader.loadPluginFactories(PluginLoader.java:141)
	at com.eviware.soapui.plugins.PluginLoader.loadPlugin(PluginLoader.java:104)
	at com.eviware.soapui.plugins.PluginLoader.loadPlugin(PluginLoader.java:54)
	at com.eviware.soapui.plugins.PluginManager.doInstallPlugin(PluginManager.java:141)
	at com.eviware.soapui.plugins.PluginManager.access$600(PluginManager.java:43)
	at com.eviware.soapui.plugins.PluginManager$LoadPluginsTask.computeSequentially(PluginManager.java:420)
	at com.eviware.soapui.plugins.PluginManager$LoadPluginsTask.compute(PluginManager.java:377)
	at com.eviware.soapui.plugins.PluginManager$LoadPluginsTask.compute(PluginManager.java:382)
	at com.eviware.soapui.plugins.PluginManager$LoadPluginsTask.compute(PluginManager.java:365)
	at java.util.concurrent.RecursiveTask.exec(Unknown Source)
	at java.util.concurrent.ForkJoinTask.doExec(Unknown Source)
	at java.util.concurrent.ForkJoinPool$WorkQueue.runTask(Unknown Source)
	at java.util.concurrent.ForkJoinPool.runWorker(Unknown Source)
	at java.util.concurrent.ForkJoinWorkerThread.run(Unknown Source)
2018-06-15 18:31:53,944 ERROR [SoapUI] An error occurred [com.eviware.soapui.plugins.auto.factories.AutoImportMethodFactory], see error log for details
2018-06-15 18:31:53,944 ERROR [errorlog] java.lang.ClassNotFoundException: com.eviware.soapui.plugins.auto.factories.AutoImportMethodFactory
java.lang.ClassNotFoundException: com.eviware.soapui.plugins.auto.factories.AutoImportMethodFactory
	at java.net.URLClassLoader.findClass(Unknown Source)
	at java.lang.ClassLoader.loadClass(Unknown Source)
	at sun.misc.Launcher$AppClassLoader.loadClass(Unknown Source)
	at java.lang.ClassLoader.loadClass(Unknown Source)
	at java.lang.Class.forName0(Native Method)
	at java.lang.Class.forName(Unknown Source)
	at com.eviware.soapui.plugins.LoaderBase.loadAutoFactories(LoaderBase.java:113)
	at com.eviware.soapui.plugins.LoaderBase.loadFactories(LoaderBase.java:80)
	at com.eviware.soapui.plugins.PluginLoader.loadPluginFactories(PluginLoader.java:141)
	at com.eviware.soapui.plugins.PluginLoader.loadPlugin(PluginLoader.java:104)
	at com.eviware.soapui.plugins.PluginLoader.loadPlugin(PluginLoader.java:54)
	at com.eviware.soapui.plugins.PluginManager.doInstallPlugin(PluginManager.java:141)
	at com.eviware.soapui.plugins.PluginManager.access$600(PluginManager.java:43)
	at com.eviware.soapui.plugins.PluginManager$LoadPluginsTask.computeSequentially(PluginManager.java:420)
	at com.eviware.soapui.plugins.PluginManager$LoadPluginsTask.compute(PluginManager.java:377)
	at com.eviware.soapui.plugins.PluginManager$LoadPluginsTask.compute(PluginManager.java:382)
	at com.eviware.soapui.plugins.PluginManager$LoadPluginsTask.compute(PluginManager.java:365)
	at java.util.concurrent.RecursiveTask.exec(Unknown Source)
	at java.util.concurrent.ForkJoinTask.doExec(Unknown Source)
	at java.util.concurrent.ForkJoinPool$WorkQueue.runTask(Unknown Source)
	at java.util.concurrent.ForkJoinPool.runWorker(Unknown Source)
	at java.util.concurrent.ForkJoinWorkerThread.run(Unknown Source)
2018-06-15 18:31:53,944 INFO  [PluginManager] Adding plugin from [C:\Users\JYOTISUBHRAGHOSH\.soapuios\plugins\ready-uxm-plugin-1.0.1-dist.jar]
2018-06-15 18:31:54,192 INFO  [Reflections] Reflections took 232 ms to scan 1 urls, producing 321 keys and 1510 values 
2018-06-15 18:31:54,192 INFO  [Reflections] Reflections took 147 ms to scan 13 urls, producing 341 keys and 1458 values 
2018-06-15 18:31:54,776 INFO  [Reflections] Reflections took 569 ms to scan 1 urls, producing 1600 keys and 6547 values 
2018-06-15 18:31:54,776 ERROR [SoapUI] An error occurred [com.eviware.soapui.plugins.auto.factories.AutoDiscoveryMethodFactory], see error log for details
2018-06-15 18:31:54,776 ERROR [errorlog] java.lang.ClassNotFoundException: com.eviware.soapui.plugins.auto.factories.AutoDiscoveryMethodFactory
java.lang.ClassNotFoundException: com.eviware.soapui.plugins.auto.factories.AutoDiscoveryMethodFactory
	at java.net.URLClassLoader.findClass(Unknown Source)
	at java.lang.ClassLoader.loadClass(Unknown Source)
	at sun.misc.Launcher$AppClassLoader.loadClass(Unknown Source)
	at java.lang.ClassLoader.loadClass(Unknown Source)
	at java.lang.Class.forName0(Native Method)
	at java.lang.Class.forName(Unknown Source)
	at com.eviware.soapui.plugins.LoaderBase.loadAutoFactories(LoaderBase.java:113)
	at com.eviware.soapui.plugins.LoaderBase.loadFactories(LoaderBase.java:80)
	at com.eviware.soapui.plugins.PluginLoader.loadPluginFactories(PluginLoader.java:141)
	at com.eviware.soapui.plugins.PluginLoader.loadPlugin(PluginLoader.java:104)
	at com.eviware.soapui.plugins.PluginLoader.loadPlugin(PluginLoader.java:54)
	at com.eviware.soapui.plugins.PluginManager.doInstallPlugin(PluginManager.java:141)
	at com.eviware.soapui.plugins.PluginManager.access$600(PluginManager.java:43)
	at com.eviware.soapui.plugins.PluginManager$LoadPluginsTask.computeSequentially(PluginManager.java:420)
	at com.eviware.soapui.plugins.PluginManager$LoadPluginsTask.compute(PluginManager.java:377)
	at com.eviware.soapui.plugins.PluginManager$LoadPluginsTask.compute(PluginManager.java:365)
	at java.util.concurrent.RecursiveTask.exec(Unknown Source)
	at java.util.concurrent.ForkJoinTask.doExec(Unknown Source)
	at java.util.concurrent.ForkJoinPool$WorkQueue.runTask(Unknown Source)
	at java.util.concurrent.ForkJoinPool.runWorker(Unknown Source)
	at java.util.concurrent.ForkJoinWorkerThread.run(Unknown Source)
2018-06-15 18:31:54,792 ERROR [SoapUI] An error occurred [com.eviware.soapui.plugins.auto.factories.AutoImportMethodFactory], see error log for details
2018-06-15 18:31:54,792 ERROR [errorlog] java.lang.ClassNotFoundException: com.eviware.soapui.plugins.auto.factories.AutoImportMethodFactory
java.lang.ClassNotFoundException: com.eviware.soapui.plugins.auto.factories.AutoImportMethodFactory
	at java.net.URLClassLoader.findClass(Unknown Source)
	at java.lang.ClassLoader.loadClass(Unknown Source)
	at sun.misc.Launcher$AppClassLoader.loadClass(Unknown Source)
	at java.lang.ClassLoader.loadClass(Unknown Source)
	at java.lang.Class.forName0(Native Method)
	at java.lang.Class.forName(Unknown Source)
	at com.eviware.soapui.plugins.LoaderBase.loadAutoFactories(LoaderBase.java:113)
	at com.eviware.soapui.plugins.LoaderBase.loadFactories(LoaderBase.java:80)
	at com.eviware.soapui.plugins.PluginLoader.loadPluginFactories(PluginLoader.java:141)
	at com.eviware.soapui.plugins.PluginLoader.loadPlugin(PluginLoader.java:104)
	at com.eviware.soapui.plugins.PluginLoader.loadPlugin(PluginLoader.java:54)
	at com.eviware.soapui.plugins.PluginManager.doInstallPlugin(PluginManager.java:141)
	at com.eviware.soapui.plugins.PluginManager.access$600(PluginManager.java:43)
	at com.eviware.soapui.plugins.PluginManager$LoadPluginsTask.computeSequentially(PluginManager.java:420)
	at com.eviware.soapui.plugins.PluginManager$LoadPluginsTask.compute(PluginManager.java:377)
	at com.eviware.soapui.plugins.PluginManager$LoadPluginsTask.compute(PluginManager.java:365)
	at java.util.concurrent.RecursiveTask.exec(Unknown Source)
	at java.util.concurrent.ForkJoinTask.doExec(Unknown Source)
	at java.util.concurrent.ForkJoinPool$WorkQueue.runTask(Unknown Source)
	at java.util.concurrent.ForkJoinPool.runWorker(Unknown Source)
	at java.util.concurrent.ForkJoinWorkerThread.run(Unknown Source)
2018-06-15 18:31:54,792 INFO  [Reflections] Reflections took 585 ms to scan 1 urls, producing 1600 keys and 6547 values 
2018-06-15 18:31:54,792 ERROR [SoapUI] An error occurred [com.eviware.soapui.plugins.auto.factories.AutoDiscoveryMethodFactory], see error log for details
2018-06-15 18:31:54,792 ERROR [errorlog] java.lang.ClassNotFoundException: com.eviware.soapui.plugins.auto.factories.AutoDiscoveryMethodFactory
java.lang.ClassNotFoundException: com.eviware.soapui.plugins.auto.factories.AutoDiscoveryMethodFactory
	at java.net.URLClassLoader.findClass(Unknown Source)
	at java.lang.ClassLoader.loadClass(Unknown Source)
	at sun.misc.Launcher$AppClassLoader.loadClass(Unknown Source)
	at java.lang.ClassLoader.loadClass(Unknown Source)
	at java.lang.Class.forName0(Native Method)
	at java.lang.Class.forName(Unknown Source)
	at com.eviware.soapui.plugins.LoaderBase.loadAutoFactories(LoaderBase.java:113)
	at com.eviware.soapui.plugins.LoaderBase.loadFactories(LoaderBase.java:80)
	at com.eviware.soapui.plugins.PluginLoader.loadPluginFactories(PluginLoader.java:141)
	at com.eviware.soapui.plugins.PluginLoader.loadPlugin(PluginLoader.java:104)
	at com.eviware.soapui.plugins.PluginLoader.loadPlugin(PluginLoader.java:54)
	at com.eviware.soapui.plugins.PluginManager.doInstallPlugin(PluginManager.java:141)
	at com.eviware.soapui.plugins.PluginManager.access$600(PluginManager.java:43)
	at com.eviware.soapui.plugins.PluginManager$LoadPluginsTask.computeSequentially(PluginManager.java:420)
	at com.eviware.soapui.plugins.PluginManager$LoadPluginsTask.compute(PluginManager.java:377)
	at com.eviware.soapui.plugins.PluginManager$LoadPluginsTask.compute(PluginManager.java:382)
	at com.eviware.soapui.plugins.PluginManager$LoadPluginsTask.compute(PluginManager.java:365)
	at java.util.concurrent.RecursiveTask.exec(Unknown Source)
	at java.util.concurrent.ForkJoinTask.doExec(Unknown Source)
	at java.util.concurrent.ForkJoinPool$WorkQueue.runTask(Unknown Source)
	at java.util.concurrent.ForkJoinPool.runWorker(Unknown Source)
	at java.util.concurrent.ForkJoinWorkerThread.run(Unknown Source)
2018-06-15 18:31:54,792 INFO  [PluginManager] Adding plugin from [C:\Users\JYOTISUBHRAGHOSH\.soapuios\plugins\readyapi-postman-1.0.1.jar]
2018-06-15 18:31:54,876 ERROR [SoapUI] An error occurred [com.eviware.soapui.plugins.auto.factories.AutoImportMethodFactory], see error log for details
2018-06-15 18:31:54,876 ERROR [errorlog] java.lang.ClassNotFoundException: com.eviware.soapui.plugins.auto.factories.AutoImportMethodFactory
java.lang.ClassNotFoundException: com.eviware.soapui.plugins.auto.factories.AutoImportMethodFactory
	at java.net.URLClassLoader.findClass(Unknown Source)
	at java.lang.ClassLoader.loadClass(Unknown Source)
	at sun.misc.Launcher$AppClassLoader.loadClass(Unknown Source)
	at java.lang.ClassLoader.loadClass(Unknown Source)
	at java.lang.Class.forName0(Native Method)
	at java.lang.Class.forName(Unknown Source)
	at com.eviware.soapui.plugins.LoaderBase.loadAutoFactories(LoaderBase.java:113)
	at com.eviware.soapui.plugins.LoaderBase.loadFactories(LoaderBase.java:80)
	at com.eviware.soapui.plugins.PluginLoader.loadPluginFactories(PluginLoader.java:141)
	at com.eviware.soapui.plugins.PluginLoader.loadPlugin(PluginLoader.java:104)
	at com.eviware.soapui.plugins.PluginLoader.loadPlugin(PluginLoader.java:54)
	at com.eviware.soapui.plugins.PluginManager.doInstallPlugin(PluginManager.java:141)
	at com.eviware.soapui.plugins.PluginManager.access$600(PluginManager.java:43)
	at com.eviware.soapui.plugins.PluginManager$LoadPluginsTask.computeSequentially(PluginManager.java:420)
	at com.eviware.soapui.plugins.PluginManager$LoadPluginsTask.compute(PluginManager.java:377)
	at com.eviware.soapui.plugins.PluginManager$LoadPluginsTask.compute(PluginManager.java:382)
	at com.eviware.soapui.plugins.PluginManager$LoadPluginsTask.compute(PluginManager.java:365)
	at java.util.concurrent.RecursiveTask.exec(Unknown Source)
	at java.util.concurrent.ForkJoinTask.doExec(Unknown Source)
	at java.util.concurrent.ForkJoinPool$WorkQueue.runTask(Unknown Source)
	at java.util.concurrent.ForkJoinPool.runWorker(Unknown Source)
	at java.util.concurrent.ForkJoinWorkerThread.run(Unknown Source)
2018-06-15 18:31:54,876 INFO  [PluginManager] Adding plugin from [C:\Users\JYOTISUBHRAGHOSH\.soapuios\plugins\readyapi-swaggerhub-plugin-1.0.jar]
2018-06-15 18:31:54,945 INFO  [Reflections] Reflections took 4 ms to scan 1 urls, producing 11 keys and 17 values 
2018-06-15 18:31:54,961 INFO  [Reflections] Reflections took 0 ms to scan 1 urls, producing 13 keys and 21 values 
2018-06-15 18:31:55,545 INFO  [Reflections] Reflections took 600 ms to scan 1 urls, producing 1600 keys and 6547 values 
2018-06-15 18:31:55,545 ERROR [SoapUI] An error occurred [com.eviware.soapui.plugins.auto.factories.AutoDiscoveryMethodFactory], see error log for details
2018-06-15 18:31:55,545 ERROR [errorlog] java.lang.ClassNotFoundException: com.eviware.soapui.plugins.auto.factories.AutoDiscoveryMethodFactory
java.lang.ClassNotFoundException: com.eviware.soapui.plugins.auto.factories.AutoDiscoveryMethodFactory
	at java.net.URLClassLoader.findClass(Unknown Source)
	at java.lang.ClassLoader.loadClass(Unknown Source)
	at sun.misc.Launcher$AppClassLoader.loadClass(Unknown Source)
	at java.lang.ClassLoader.loadClass(Unknown Source)
	at java.lang.Class.forName0(Native Method)
	at java.lang.Class.forName(Unknown Source)
	at com.eviware.soapui.plugins.LoaderBase.loadAutoFactories(LoaderBase.java:113)
	at com.eviware.soapui.plugins.LoaderBase.loadFactories(LoaderBase.java:80)
	at com.eviware.soapui.plugins.PluginLoader.loadPluginFactories(PluginLoader.java:141)
	at com.eviware.soapui.plugins.PluginLoader.loadPlugin(PluginLoader.java:104)
	at com.eviware.soapui.plugins.PluginLoader.loadPlugin(PluginLoader.java:54)
	at com.eviware.soapui.plugins.PluginManager.doInstallPlugin(PluginManager.java:141)
	at com.eviware.soapui.plugins.PluginManager.access$600(PluginManager.java:43)
	at com.eviware.soapui.plugins.PluginManager$LoadPluginsTask.computeSequentially(PluginManager.java:420)
	at com.eviware.soapui.plugins.PluginManager$LoadPluginsTask.compute(PluginManager.java:377)
	at com.eviware.soapui.plugins.PluginManager$LoadPluginsTask.compute(PluginManager.java:365)
	at java.util.concurrent.RecursiveTask.exec(Unknown Source)
	at java.util.concurrent.ForkJoinTask.doExec(Unknown Source)
	at java.util.concurrent.ForkJoinPool$WorkQueue.runTask(Unknown Source)
	at java.util.concurrent.ForkJoinPool.runWorker(Unknown Source)
	at java.util.concurrent.ForkJoinWorkerThread.run(Unknown Source)
2018-06-15 18:31:55,545 ERROR [SoapUI] An error occurred [com.eviware.soapui.plugins.auto.factories.AutoImportMethodFactory], see error log for details
2018-06-15 18:31:55,545 ERROR [errorlog] java.lang.ClassNotFoundException: com.eviware.soapui.plugins.auto.factories.AutoImportMethodFactory
java.lang.ClassNotFoundException: com.eviware.soapui.plugins.auto.factories.AutoImportMethodFactory
	at java.net.URLClassLoader.findClass(Unknown Source)
	at java.lang.ClassLoader.loadClass(Unknown Source)
	at sun.misc.Launcher$AppClassLoader.loadClass(Unknown Source)
	at java.lang.ClassLoader.loadClass(Unknown Source)
	at java.lang.Class.forName0(Native Method)
	at java.lang.Class.forName(Unknown Source)
	at com.eviware.soapui.plugins.LoaderBase.loadAutoFactories(LoaderBase.java:113)
	at com.eviware.soapui.plugins.LoaderBase.loadFactories(LoaderBase.java:80)
	at com.eviware.soapui.plugins.PluginLoader.loadPluginFactories(PluginLoader.java:141)
	at com.eviware.soapui.plugins.PluginLoader.loadPlugin(PluginLoader.java:104)
	at com.eviware.soapui.plugins.PluginLoader.loadPlugin(PluginLoader.java:54)
	at com.eviware.soapui.plugins.PluginManager.doInstallPlugin(PluginManager.java:141)
	at com.eviware.soapui.plugins.PluginManager.access$600(PluginManager.java:43)
	at com.eviware.soapui.plugins.PluginManager$LoadPluginsTask.computeSequentially(PluginManager.java:420)
	at com.eviware.soapui.plugins.PluginManager$LoadPluginsTask.compute(PluginManager.java:377)
	at com.eviware.soapui.plugins.PluginManager$LoadPluginsTask.compute(PluginManager.java:365)
	at java.util.concurrent.RecursiveTask.exec(Unknown Source)
	at java.util.concurrent.ForkJoinTask.doExec(Unknown Source)
	at java.util.concurrent.ForkJoinPool$WorkQueue.runTask(Unknown Source)
	at java.util.concurrent.ForkJoinPool.runWorker(Unknown Source)
	at java.util.concurrent.ForkJoinWorkerThread.run(Unknown Source)
2018-06-15 18:31:55,561 INFO  [Reflections] Reflections took 600 ms to scan 1 urls, producing 1600 keys and 6547 values 
2018-06-15 18:31:55,561 ERROR [SoapUI] An error occurred [com.eviware.soapui.plugins.auto.factories.AutoDiscoveryMethodFactory], see error log for details
2018-06-15 18:31:55,561 ERROR [errorlog] java.lang.ClassNotFoundException: com.eviware.soapui.plugins.auto.factories.AutoDiscoveryMethodFactory
java.lang.ClassNotFoundException: com.eviware.soapui.plugins.auto.factories.AutoDiscoveryMethodFactory
	at java.net.URLClassLoader.findClass(Unknown Source)
	at java.lang.ClassLoader.loadClass(Unknown Source)
	at sun.misc.Launcher$AppClassLoader.loadClass(Unknown Source)
	at java.lang.ClassLoader.loadClass(Unknown Source)
	at java.lang.Class.forName0(Native Method)
	at java.lang.Class.forName(Unknown Source)
	at com.eviware.soapui.plugins.LoaderBase.loadAutoFactories(LoaderBase.java:113)
	at com.eviware.soapui.plugins.LoaderBase.loadFactories(LoaderBase.java:80)
	at com.eviware.soapui.plugins.PluginLoader.loadPluginFactories(PluginLoader.java:141)
	at com.eviware.soapui.plugins.PluginLoader.loadPlugin(PluginLoader.java:104)
	at com.eviware.soapui.plugins.PluginLoader.loadPlugin(PluginLoader.java:54)
	at com.eviware.soapui.plugins.PluginManager.doInstallPlugin(PluginManager.java:141)
	at com.eviware.soapui.plugins.PluginManager.access$600(PluginManager.java:43)
	at com.eviware.soapui.plugins.PluginManager$LoadPluginsTask.computeSequentially(PluginManager.java:420)
	at com.eviware.soapui.plugins.PluginManager$LoadPluginsTask.compute(PluginManager.java:377)
	at com.eviware.soapui.plugins.PluginManager$LoadPluginsTask.compute(PluginManager.java:382)
	at com.eviware.soapui.plugins.PluginManager$LoadPluginsTask.compute(PluginManager.java:365)
	at java.util.concurrent.RecursiveTask.exec(Unknown Source)
	at java.util.concurrent.ForkJoinTask.doExec(Unknown Source)
	at java.util.concurrent.ForkJoinPool$WorkQueue.runTask(Unknown Source)
	at java.util.concurrent.ForkJoinPool.runWorker(Unknown Source)
	at java.util.concurrent.ForkJoinWorkerThread.run(Unknown Source)
2018-06-15 18:31:55,661 ERROR [SoapUI] An error occurred [com.eviware.soapui.plugins.auto.factories.AutoImportMethodFactory], see error log for details
2018-06-15 18:31:55,661 ERROR [errorlog] java.lang.ClassNotFoundException: com.eviware.soapui.plugins.auto.factories.AutoImportMethodFactory
java.lang.ClassNotFoundException: com.eviware.soapui.plugins.auto.factories.AutoImportMethodFactory
	at java.net.URLClassLoader.findClass(Unknown Source)
	at java.lang.ClassLoader.loadClass(Unknown Source)
	at sun.misc.Launcher$AppClassLoader.loadClass(Unknown Source)
	at java.lang.ClassLoader.loadClass(Unknown Source)
	at java.lang.Class.forName0(Native Method)
	at java.lang.Class.forName(Unknown Source)
	at com.eviware.soapui.plugins.LoaderBase.loadAutoFactories(LoaderBase.java:113)
	at com.eviware.soapui.plugins.LoaderBase.loadFactories(LoaderBase.java:80)
	at com.eviware.soapui.plugins.PluginLoader.loadPluginFactories(PluginLoader.java:141)
	at com.eviware.soapui.plugins.PluginLoader.loadPlugin(PluginLoader.java:104)
	at com.eviware.soapui.plugins.PluginLoader.loadPlugin(PluginLoader.java:54)
	at com.eviware.soapui.plugins.PluginManager.doInstallPlugin(PluginManager.java:141)
	at com.eviware.soapui.plugins.PluginManager.access$600(PluginManager.java:43)
	at com.eviware.soapui.plugins.PluginManager$LoadPluginsTask.computeSequentially(PluginManager.java:420)
	at com.eviware.soapui.plugins.PluginManager$LoadPluginsTask.compute(PluginManager.java:377)
	at com.eviware.soapui.plugins.PluginManager$LoadPluginsTask.compute(PluginManager.java:382)
	at com.eviware.soapui.plugins.PluginManager$LoadPluginsTask.compute(PluginManager.java:365)
	at java.util.concurrent.RecursiveTask.exec(Unknown Source)
	at java.util.concurrent.ForkJoinTask.doExec(Unknown Source)
	at java.util.concurrent.ForkJoinPool$WorkQueue.runTask(Unknown Source)
	at java.util.concurrent.ForkJoinPool.runWorker(Unknown Source)
	at java.util.concurrent.ForkJoinWorkerThread.run(Unknown Source)
2018-06-15 18:31:55,708 INFO  [PluginManager] 5 plugins loaded in 2403 ms
2018-06-15 18:31:55,708 INFO  [DefaultSoapUICore] All plugins loaded
2018-06-15 18:31:56,794 INFO  [WsdlProject] Loaded project from [file:/C:/Workspace/AlertAutomation/LHTest/TestSuite/SmokeTest-ADC.xml]
2018-06-15 18:31:56,810 INFO  [SoapUITestCaseRunner] Running SoapUI tests in project [SmokeTest_ADC]
2018-06-15 18:31:56,810 INFO  [SoapUITestCaseRunner] Running TestSuite [GUI], runType = SEQUENTIAL
2018-06-15 18:31:56,810 INFO  [SoapUITestCaseRunner] Running SoapUI testcase [BRE]
2018-06-15 18:31:56,825 INFO  [SoapUITestCaseRunner] running step [BRE URL Test]
2018-06-15 18:31:58,765 INFO  [SoapUITestCaseRunner] Assertion [Contains] has status VALID
2018-06-15 18:31:58,765 INFO  [SoapUITestCaseRunner] Assertion [Valid HTTP Status Codes] has status VALID
2018-06-15 18:31:58,765 INFO  [SoapUITestCaseRunner] Finished running SoapUI testcase [BRE], time taken: 1830ms, status: FINISHED
2018-06-15 18:31:58,765 INFO  [SoapUITestCaseRunner] Running SoapUI testcase [MUI]
2018-06-15 18:31:58,765 INFO  [SoapUITestCaseRunner] running step [MUI URL Test]
2018-06-15 18:31:59,982 INFO  [SoapUITestCaseRunner] Assertion [Contains] has status VALID
2018-06-15 18:31:59,982 INFO  [SoapUITestCaseRunner] Assertion [Valid HTTP Status Codes] has status VALID
2018-06-15 18:31:59,982 INFO  [SoapUITestCaseRunner] Finished running SoapUI testcase [MUI], time taken: 1204ms, status: FINISHED
2018-06-15 18:31:59,982 INFO  [SoapUITestCaseRunner] Running SoapUI testcase [TDP_Cached_Fares_Viewer]
2018-06-15 18:31:59,982 INFO  [SoapUITestCaseRunner] running step [TDP Cached Fares Viewer]
2018-06-15 18:32:03,716 INFO  [WebClient] statusCode=[404] contentType=[]
2018-06-15 18:32:03,785 INFO  [WebClient] 
2018-06-15 18:32:04,054 ERROR [SoapUI] com.gargoylesoftware.htmlunit.FailingHttpStatusCodeException: 404 Not Found for http://localhost:11187/xmlfareviewer/
2018-06-15 18:32:04,054 INFO  [SoapUITestCaseRunner] Assertion [Contains] has status FAILED
2018-06-15 18:32:04,054 ERROR [SoapUITestCaseRunner] ASSERTION FAILED -> null/empty response
2018-06-15 18:32:04,054 INFO  [SoapUITestCaseRunner] Assertion [Valid HTTP Status Codes] has status FAILED
2018-06-15 18:32:04,054 ERROR [SoapUITestCaseRunner] ASSERTION FAILED -> Response status code:404 is not in acceptable list of status codes
2018-06-15 18:32:04,054 ERROR [SoapUITestCaseRunner] TDP Cached Fares Viewer failed, exporting to [C:\Workspace\AlertAutomation\LHTest/TestSuite\GUI-TDP_Cached_Fares_Viewer-TDP_Cached_Fares_Viewer-0-FAILED.txt]
2018-06-15 18:32:04,070 INFO  [SoapUITestCaseRunner] Finished running SoapUI testcase [TDP_Cached_Fares_Viewer], time taken: 4067ms, status: FAILED
2018-06-15 18:32:04,070 INFO  [SoapUITestCaseRunner] Running SoapUI testcase [TDP_Availability_Cache_Viewer]
2018-06-15 18:32:04,070 INFO  [SoapUITestCaseRunner] running step [TDP Availability Cache Viewer]
2018-06-15 18:32:07,819 ERROR [SoapUI] java.lang.RuntimeException: Refresh to http://localhost:11190/TDPAvailCache/Home.do (60s) aborted by HtmlUnit: Attempted to refresh a page using an ImmediateRefreshHandler which could have caused an OutOfMemoryError Please use WaitingRefreshHandler or ThreadedRefreshHandler instead.
2018-06-15 18:32:07,819 INFO  [SoapUITestCaseRunner] Assertion [Contains] has status VALID
2018-06-15 18:32:07,819 INFO  [SoapUITestCaseRunner] Assertion [Valid HTTP Status Codes] has status VALID
2018-06-15 18:32:07,819 INFO  [SoapUITestCaseRunner] Finished running SoapUI testcase [TDP_Availability_Cache_Viewer], time taken: 3743ms, status: FINISHED
2018-06-15 18:32:07,819 INFO  [SoapUITestCaseRunner] TestSuite [GUI] finished with status [FAILED] in 11009ms
2018-06-15 18:32:07,819 ERROR [SoapUITestCaseRunner] java.lang.Exception: Contains in [TDP Cached Fares Viewer] failed;
[null/empty response]
Status: FAILED
Time Taken: 4067
Size: 0
Timestamp: Fri Jun 15 18:31:59 IST 2018
TestStep: TDP Cached Fares Viewer

----------------- Messages ------------------------------
[Contains] null/empty response
[Valid HTTP Status Codes] Response status code:404 is not in acceptable list of status codes

----------------- Properties ------------------------------
HTTP Version: HTTP/1.1
Endpoint: http://localhost:11187/xmlfareviewer/
Method: GET
StatusCode: 404
URL: http://localhost:11187/xmlfareviewer/

---------------- Request ---------------------------
Connection: [Keep-Alive]
User-Agent: [Apache-HttpClient/4.1.1 (java 1.5)]
Host: [localhost:11187]
Accept-Encoding: [gzip,deflate]

GET http://localhost:11187/xmlfareviewer/ HTTP/1.1
Accept-Encoding: gzip,deflate
Host: localhost:11187
Connection: Keep-Alive
User-Agent: Apache-HttpClient/4.1.1 (java 1.5)


---------------- Response --------------------------
Server: [Apache-Coyote/1.1]
#status#: [HTTP/1.1 404 Not Found]
Content-Length: [0]
Date: [Fri, 15 Jun 2018 13:02:02 GMT]
Valid HTTP Status Codes in [TDP Cached Fares Viewer] failed;
[Response status code:404 is not in acceptable list of status codes]
Status: FAILED
Time Taken: 4067
Size: 0
Timestamp: Fri Jun 15 18:31:59 IST 2018
TestStep: TDP Cached Fares Viewer

----------------- Messages ------------------------------
[Contains] null/empty response
[Valid HTTP Status Codes] Response status code:404 is not in acceptable list of status codes

----------------- Properties ------------------------------
HTTP Version: HTTP/1.1
Endpoint: http://localhost:11187/xmlfareviewer/
Method: GET
StatusCode: 404
URL: http://localhost:11187/xmlfareviewer/

---------------- Request ---------------------------
Connection: [Keep-Alive]
User-Agent: [Apache-HttpClient/4.1.1 (java 1.5)]
Host: [localhost:11187]
Accept-Encoding: [gzip,deflate]

GET http://localhost:11187/xmlfareviewer/ HTTP/1.1
Accept-Encoding: gzip,deflate
Host: localhost:11187
Connection: Keep-Alive
User-Agent: Apache-HttpClient/4.1.1 (java 1.5)


---------------- Response --------------------------
Server: [Apache-Coyote/1.1]
#status#: [HTTP/1.1 404 Not Found]
Content-Length: [0]
Date: [Fri, 15 Jun 2018 13:02:02 GMT]

2018-06-15 18:32:07,819 ERROR [SoapUI] An error occurred [Contains in [TDP Cached Fares Viewer] failed;
[null/empty response]
Status: FAILED
Time Taken: 4067
Size: 0
Timestamp: Fri Jun 15 18:31:59 IST 2018
TestStep: TDP Cached Fares Viewer

----------------- Messages ------------------------------
[Contains] null/empty response
[Valid HTTP Status Codes] Response status code:404 is not in acceptable list of status codes

----------------- Properties ------------------------------
HTTP Version: HTTP/1.1
Endpoint: http://localhost:11187/xmlfareviewer/
Method: GET
StatusCode: 404
URL: http://localhost:11187/xmlfareviewer/

---------------- Request ---------------------------
Connection: [Keep-Alive]
User-Agent: [Apache-HttpClient/4.1.1 (java 1.5)]
Host: [localhost:11187]
Accept-Encoding: [gzip,deflate]

GET http://localhost:11187/xmlfareviewer/ HTTP/1.1
Accept-Encoding: gzip,deflate
Host: localhost:11187
Connection: Keep-Alive
User-Agent: Apache-HttpClient/4.1.1 (java 1.5)


---------------- Response --------------------------
Server: [Apache-Coyote/1.1]
#status#: [HTTP/1.1 404 Not Found]
Content-Length: [0]
Date: [Fri, 15 Jun 2018 13:02:02 GMT]
Valid HTTP Status Codes in [TDP Cached Fares Viewer] failed;
[Response status code:404 is not in acceptable list of status codes]
Status: FAILED
Time Taken: 4067
Size: 0
Timestamp: Fri Jun 15 18:31:59 IST 2018
TestStep: TDP Cached Fares Viewer

----------------- Messages ------------------------------
[Contains] null/empty response
[Valid HTTP Status Codes] Response status code:404 is not in acceptable list of status codes

----------------- Properties ------------------------------
HTTP Version: HTTP/1.1
Endpoint: http://localhost:11187/xmlfareviewer/
Method: GET
StatusCode: 404
URL: http://localhost:11187/xmlfareviewer/

---------------- Request ---------------------------
Connection: [Keep-Alive]
User-Agent: [Apache-HttpClient/4.1.1 (java 1.5)]
Host: [localhost:11187]
Accept-Encoding: [gzip,deflate]

GET http://localhost:11187/xmlfareviewer/ HTTP/1.1
Accept-Encoding: gzip,deflate
Host: localhost:11187
Connection: Keep-Alive
User-Agent: Apache-HttpClient/4.1.1 (java 1.5)


---------------- Response --------------------------
Server: [Apache-Coyote/1.1]
#status#: [HTTP/1.1 404 Not Found]
Content-Length: [0]
Date: [Fri, 15 Jun 2018 13:02:02 GMT]
], see error log for details
2018-06-15 18:32:07,873 ERROR [errorlog] java.lang.Exception: Contains in [TDP Cached Fares Viewer] failed;
[null/empty response]
Status: FAILED
Time Taken: 4067
Size: 0
Timestamp: Fri Jun 15 18:31:59 IST 2018
TestStep: TDP Cached Fares Viewer

----------------- Messages ------------------------------
[Contains] null/empty response
[Valid HTTP Status Codes] Response status code:404 is not in acceptable list of status codes

----------------- Properties ------------------------------
HTTP Version: HTTP/1.1
Endpoint: http://localhost:11187/xmlfareviewer/
Method: GET
StatusCode: 404
URL: http://localhost:11187/xmlfareviewer/

---------------- Request ---------------------------
Connection: [Keep-Alive]
User-Agent: [Apache-HttpClient/4.1.1 (java 1.5)]
Host: [localhost:11187]
Accept-Encoding: [gzip,deflate]

GET http://localhost:11187/xmlfareviewer/ HTTP/1.1
Accept-Encoding: gzip,deflate
Host: localhost:11187
Connection: Keep-Alive
User-Agent: Apache-HttpClient/4.1.1 (java 1.5)


---------------- Response --------------------------
Server: [Apache-Coyote/1.1]
#status#: [HTTP/1.1 404 Not Found]
Content-Length: [0]
Date: [Fri, 15 Jun 2018 13:02:02 GMT]
Valid HTTP Status Codes in [TDP Cached Fares Viewer] failed;
[Response status code:404 is not in acceptable list of status codes]
Status: FAILED
Time Taken: 4067
Size: 0
Timestamp: Fri Jun 15 18:31:59 IST 2018
TestStep: TDP Cached Fares Viewer

----------------- Messages ------------------------------
[Contains] null/empty response
[Valid HTTP Status Codes] Response status code:404 is not in acceptable list of status codes

----------------- Properties ------------------------------
HTTP Version: HTTP/1.1
Endpoint: http://localhost:11187/xmlfareviewer/
Method: GET
StatusCode: 404
URL: http://localhost:11187/xmlfareviewer/

---------------- Request ---------------------------
Connection: [Keep-Alive]
User-Agent: [Apache-HttpClient/4.1.1 (java 1.5)]
Host: [localhost:11187]
Accept-Encoding: [gzip,deflate]

GET http://localhost:11187/xmlfareviewer/ HTTP/1.1
Accept-Encoding: gzip,deflate
Host: localhost:11187
Connection: Keep-Alive
User-Agent: Apache-HttpClient/4.1.1 (java 1.5)


---------------- Response --------------------------
Server: [Apache-Coyote/1.1]
#status#: [HTTP/1.1 404 Not Found]
Content-Length: [0]
Date: [Fri, 15 Jun 2018 13:02:02 GMT]

java.lang.Exception: Contains in [TDP Cached Fares Viewer] failed;
[null/empty response]
Status: FAILED
Time Taken: 4067
Size: 0
Timestamp: Fri Jun 15 18:31:59 IST 2018
TestStep: TDP Cached Fares Viewer

----------------- Messages ------------------------------
[Contains] null/empty response
[Valid HTTP Status Codes] Response status code:404 is not in acceptable list of status codes

----------------- Properties ------------------------------
HTTP Version: HTTP/1.1
Endpoint: http://localhost:11187/xmlfareviewer/
Method: GET
StatusCode: 404
URL: http://localhost:11187/xmlfareviewer/

---------------- Request ---------------------------
Connection: [Keep-Alive]
User-Agent: [Apache-HttpClient/4.1.1 (java 1.5)]
Host: [localhost:11187]
Accept-Encoding: [gzip,deflate]

GET http://localhost:11187/xmlfareviewer/ HTTP/1.1
Accept-Encoding: gzip,deflate
Host: localhost:11187
Connection: Keep-Alive
User-Agent: Apache-HttpClient/4.1.1 (java 1.5)


---------------- Response --------------------------
Server: [Apache-Coyote/1.1]
#status#: [HTTP/1.1 404 Not Found]
Content-Length: [0]
Date: [Fri, 15 Jun 2018 13:02:02 GMT]
Valid HTTP Status Codes in [TDP Cached Fares Viewer] failed;
[Response status code:404 is not in acceptable list of status codes]
Status: FAILED
Time Taken: 4067
Size: 0
Timestamp: Fri Jun 15 18:31:59 IST 2018
TestStep: TDP Cached Fares Viewer

----------------- Messages ------------------------------
[Contains] null/empty response
[Valid HTTP Status Codes] Response status code:404 is not in acceptable list of status codes

----------------- Properties ------------------------------
HTTP Version: HTTP/1.1
Endpoint: http://localhost:11187/xmlfareviewer/
Method: GET
StatusCode: 404
URL: http://localhost:11187/xmlfareviewer/

---------------- Request ---------------------------
Connection: [Keep-Alive]
User-Agent: [Apache-HttpClient/4.1.1 (java 1.5)]
Host: [localhost:11187]
Accept-Encoding: [gzip,deflate]

GET http://localhost:11187/xmlfareviewer/ HTTP/1.1
Accept-Encoding: gzip,deflate
Host: localhost:11187
Connection: Keep-Alive
User-Agent: Apache-HttpClient/4.1.1 (java 1.5)


---------------- Response --------------------------
Server: [Apache-Coyote/1.1]
#status#: [HTTP/1.1 404 Not Found]
Content-Length: [0]
Date: [Fri, 15 Jun 2018 13:02:02 GMT]

	at com.eviware.soapui.tools.SoapUITestCaseRunner.throwFailureException(SoapUITestCaseRunner.java:519)
	at com.eviware.soapui.tools.SoapUITestCaseRunner.runRunner(SoapUITestCaseRunner.java:435)
	at com.eviware.soapui.tools.AbstractSoapUIRunner.run(AbstractSoapUIRunner.java:202)
	at com.eviware.soapui.tools.AbstractSoapUIRunner.run(AbstractSoapUIRunner.java:137)
	at com.eviware.soapui.tools.AbstractSoapUIRunner.runFromCommandLine(AbstractSoapUIRunner.java:112)
	at com.eviware.soapui.tools.SoapUITestCaseRunner.main(SoapUITestCaseRunner.java:122)
2018-06-15 18:32:07,873 WARN  [Tools] Could not delete temporary directory C:\Users\JYOTIS~1\AppData\Local\Temp\3b145973-c654-4ab7-a926-3a142c6b696e
2018-06-15 18:32:07,873 WARN  [Tools] Could not delete temporary directory C:\Users\JYOTIS~1\AppData\Local\Temp\a2e9a681-9a1a-4d84-a26d-f6df5c25efef
